<?xml version="1.0" encoding="utf-8" standalone="no"?>
<!--This file represents the results of running a test suite-->
<test-results name="D:\Alagappan\ControlsDesigns\CalcTest\bin\Debug\calc.dll" total="0" errors="0" failures="0" not-run="0" inconclusive="0" ignored="0" skipped="0" invalid="0" date="2013-07-26" time="11:06:13">
  <environment nunit-version="2.6.2.12296" clr-version="2.0.50727.5420" os-version="Microsoft Windows NT 6.1.7601 Service Pack 1" platform="Win32NT" cwd="C:\Program Files\NUnit 2.6.2\bin" machine-name="MSSPL4" user="Admin" user-domain="MSSPL4" />
  <culture-info current-culture="en-US" current-uiculture="en-US" />
  <test-suite type="Assembly" name="D:\Alagappan\ControlsDesigns\CalcTest\bin\Debug\calc.dll" executed="True" result="Inconclusive" success="False" time="0.000" asserts="0" />
</test-results>